<?xml version="1.0" encoding="utf-8"?><testsuites name="pytest tests"><testsuite name="pytest" errors="0" failures="0" skipped="0" tests="14" time="1.127" timestamp="2026-05-30T23:07:06.099536+00:00" hostname="agent-env-51128307-4114-4541-a5a2-5bfb38ede224"><testcase classname="backend.tests.backend_test.TestPhotosRead" name="test_list_all" time="0.203" /><testcase classname="backend.tests.backend_test.TestPhotosRead" name="test_filter_portrait" time="0.053" /><testcase classname="backend.tests.backend_test.TestPhotosRead" name="test_filter_featured" time="0.048" /><testcase classname="backend.tests.backend_test.TestPhotosRead" name="test_filter_all_keyword" time="0.051" /><testcase classname="backend.tests.backend_test.TestAdminVerify" name="test_verify_correct" time="0.053" /><testcase classname="backend.tests.backend_test.TestAdminVerify" name="test_verify_wrong" time="0.046" /><testcase classname="backend.tests.backend_test.TestPhotosCRUD" name="test_create_without_key_401" time="0.062" /><testcase classname="backend.tests.backend_test.TestPhotosCRUD" name="test_create_wrong_key_401" time="0.047" /><testcase classname="backend.tests.backend_test.TestPhotosCRUD" name="test_create_with_key" time="0.096" /><testcase classname="backend.tests.backend_test.TestPhotosCRUD" name="test_patch_toggle_featured" time="0.109" /><testcase classname="backend.tests.backend_test.TestPhotosCRUD" name="test_patch_without_key_401" time="0.050" /><testcase classname="backend.tests.backend_test.TestPhotosCRUD" name="test_delete_without_key_401" time="0.045" /><testcase classname="backend.tests.backend_test.TestPhotosCRUD" name="test_delete_with_key" time="0.094" /><testcase classname="backend.tests.backend_test.TestPhotosCRUD" name="test_delete_missing_404" time="0.048" /></testsuite></testsuites>